The system is: Darwin - 11.2.0 - i386
Compiling the C compiler identification source file "CMakeCCompilerId.c" succeeded.
Compiler: /usr/bin/gcc 
Build flags: 
Id flags: 

The output was:
0


Compilation of the C compiler identification source "CMakeCCompilerId.c" produced "a.out"

The C compiler identification is GNU, found in "/Users/ouj/git/angryman/obj/xcode/CMakeFiles/CompilerIdC/a.out"

Compiling the CXX compiler identification source file "CMakeCXXCompilerId.cpp" succeeded.
Compiler: /usr/bin/g++ 
Build flags: 
Id flags: 

The output was:
0


Compilation of the CXX compiler identification source "CMakeCXXCompilerId.cpp" produced "a.out"

The CXX compiler identification is GNU, found in "/Users/ouj/git/angryman/obj/xcode/CMakeFiles/CompilerIdCXX/a.out"

Determining if the C compiler works passed with the following output:
Change Dir: /Users/ouj/git/angryman/obj/xcode/CMakeFiles/CMakeTmp

Run Build Command:/usr/local/Cellar/cmake/2.8.5/bin/cmakexbuild -project CMAKE_TRY_COMPILE.xcodeproj build -target cmTryCompileExec -configuration Debug
=== BUILD NATIVE TARGET cmTryCompileExec OF PROJECT CMAKE_TRY_COMPILE WITH CONFIGURATION Debug ===
Check dependencies

PhaseScriptExecution "CMake ReRun" CMAKE_TRY_COMPILE.build/Debug/cmTryCompileExec.build/Script-7FD69B4100307FD69B410030.sh
    cd /Users/ouj/git/angryman/obj/xcode/CMakeFiles/CMakeTmp
    /bin/sh -c /Users/ouj/git/angryman/obj/xcode/CMakeFiles/CMakeTmp/CMAKE_TRY_COMPILE.build/Debug/cmTryCompileExec.build/Script-7FD69B4100307FD69B410030.sh
make: `CMakeFiles/cmake.check_cache' is up to date.

CompileC CMAKE_TRY_COMPILE.build/Debug/cmTryCompileExec.build/Objects-normal/x86_64/testCCompiler.o testCCompiler.c normal x86_64 c com.apple.compilers.llvmgcc42
    cd /Users/ouj/git/angryman/obj/xcode/CMakeFiles/CMakeTmp
    /Developer/usr/bin/llvm-gcc-4.2 -x c -arch x86_64 -fmessage-length=0 -pipe -Wno-trigraphs -fpascal-strings -O0 "-DCMAKE_INTDIR=\"Debug\"" -isysroot /Developer/SDKs/MacOSX10.7.sdk -fasm-blocks -mmacosx-version-min=10.7 -gdwarf-2 -I/Users/ouj/git/angryman/obj/xcode/CMakeFiles/CMakeTmp/Debug/include -I/Users/ouj/git/angryman/obj/xcode/CMakeFiles/CMakeTmp/CMAKE_TRY_COMPILE.build/Debug/cmTryCompileExec.build/DerivedSources/x86_64 -I/Users/ouj/git/angryman/obj/xcode/CMakeFiles/CMakeTmp/CMAKE_TRY_COMPILE.build/Debug/cmTryCompileExec.build/DerivedSources -Wmost -Wno-four-char-constants -Wno-unknown-pragmas -F/Users/ouj/git/angryman/obj/xcode/CMakeFiles/CMakeTmp/Debug -c /Users/ouj/git/angryman/obj/xcode/CMakeFiles/CMakeTmp/testCCompiler.c -o /Users/ouj/git/angryman/obj/xcode/CMakeFiles/CMakeTmp/CMAKE_TRY_COMPILE.build/Debug/cmTryCompileExec.build/Objects-normal/x86_64/testCCompiler.o

Ld Debug/cmTryCompileExec normal x86_64
    cd /Users/ouj/git/angryman/obj/xcode/CMakeFiles/CMakeTmp
    /Developer/usr/bin/llvm-gcc-4.2 -arch x86_64 -isysroot /Developer/SDKs/MacOSX10.7.sdk -L/Users/ouj/git/angryman/obj/xcode/CMakeFiles/CMakeTmp/Debug -F/Users/ouj/git/angryman/obj/xcode/CMakeFiles/CMakeTmp/Debug -filelist /Users/ouj/git/angryman/obj/xcode/CMakeFiles/CMakeTmp/CMAKE_TRY_COMPILE.build/Debug/cmTryCompileExec.build/Objects-normal/x86_64/cmTryCompileExec.LinkFileList -mmacosx-version-min=10.7 -Wl,-search_paths_first -Wl,-headerpad_max_install_names -o /Users/ouj/git/angryman/obj/xcode/CMakeFiles/CMakeTmp/Debug/cmTryCompileExec

PhaseScriptExecution "CMake PostBuild Rules" CMAKE_TRY_COMPILE.build/Debug/cmTryCompileExec.build/Script-7FD69B410B607FD69B410B60.sh
    cd /Users/ouj/git/angryman/obj/xcode/CMakeFiles/CMakeTmp
    /bin/sh -c /Users/ouj/git/angryman/obj/xcode/CMakeFiles/CMakeTmp/CMAKE_TRY_COMPILE.build/Debug/cmTryCompileExec.build/Script-7FD69B410B607FD69B410B60.sh
echo "Depend check for xcode"
Depend check for xcode
cd /Users/ouj/git/angryman/obj/xcode/CMakeFiles/CMakeTmp && make -C /Users/ouj/git/angryman/obj/xcode/CMakeFiles/CMakeTmp -f /Users/ouj/git/angryman/obj/xcode/CMakeFiles/CMakeTmp/CMakeScripts/XCODE_DEPEND_HELPER.make PostBuild.cmTryCompileExec.Debug
make[1]: Nothing to be done for `PostBuild.cmTryCompileExec.Debug'.


** BUILD SUCCEEDED **



Detecting C compiler ABI info compiled with the following output:
Change Dir: /Users/ouj/git/angryman/obj/xcode/CMakeFiles/CMakeTmp

Run Build Command:/usr/local/Cellar/cmake/2.8.5/bin/cmakexbuild -project CMAKE_TRY_COMPILE.xcodeproj build -target cmTryCompileExec -configuration Debug
=== BUILD NATIVE TARGET cmTryCompileExec OF PROJECT CMAKE_TRY_COMPILE WITH CONFIGURATION Debug ===
Check dependencies

PhaseScriptExecution "CMake ReRun" CMAKE_TRY_COMPILE.build/Debug/cmTryCompileExec.build/Script-1078FBA501078FBA501078FB.sh
    cd /Users/ouj/git/angryman/obj/xcode/CMakeFiles/CMakeTmp
    /bin/sh -c /Users/ouj/git/angryman/obj/xcode/CMakeFiles/CMakeTmp/CMAKE_TRY_COMPILE.build/Debug/cmTryCompileExec.build/Script-1078FBA501078FBA501078FB.sh
make: `CMakeFiles/cmake.check_cache' is up to date.

CompileC CMAKE_TRY_COMPILE.build/Debug/cmTryCompileExec.build/Objects-normal/x86_64/CMakeCCompilerABI.o ../../../../../../../../usr/local/Cellar/cmake/2.8.5/share/cmake/Modules/CMakeCCompilerABI.c normal x86_64 c com.apple.compilers.llvmgcc42
    cd /Users/ouj/git/angryman/obj/xcode/CMakeFiles/CMakeTmp
    /Developer/usr/bin/llvm-gcc-4.2 -x c -arch x86_64 -fmessage-length=0 -pipe -Wno-trigraphs -fpascal-strings -O0 "-DCMAKE_INTDIR=\"Debug\"" -isysroot /Developer/SDKs/MacOSX10.7.sdk -fasm-blocks -mmacosx-version-min=10.7 -gdwarf-2 -I/Users/ouj/git/angryman/obj/xcode/CMakeFiles/CMakeTmp/Debug/include -I/Users/ouj/git/angryman/obj/xcode/CMakeFiles/CMakeTmp/CMAKE_TRY_COMPILE.build/Debug/cmTryCompileExec.build/DerivedSources/x86_64 -I/Users/ouj/git/angryman/obj/xcode/CMakeFiles/CMakeTmp/CMAKE_TRY_COMPILE.build/Debug/cmTryCompileExec.build/DerivedSources -Wmost -Wno-four-char-constants -Wno-unknown-pragmas -F/Users/ouj/git/angryman/obj/xcode/CMakeFiles/CMakeTmp/Debug -c /Users/ouj/git/angryman/obj/xcode/CMakeFiles/CMakeTmp/../../../../../../../../usr/local/Cellar/cmake/2.8.5/share/cmake/Modules/CMakeCCompilerABI.c -o /Users/ouj/git/angryman/obj/xcode/CMakeFiles/CMakeTmp/CMAKE_TRY_COMPILE.build/Debug/cmTryCompileExec.build/Objects-normal/x86_64/CMakeCCompilerABI.o

Ld Debug/cmTryCompileExec normal x86_64
    cd /Users/ouj/git/angryman/obj/xcode/CMakeFiles/CMakeTmp
    /Developer/usr/bin/llvm-gcc-4.2 -arch x86_64 -isysroot /Developer/SDKs/MacOSX10.7.sdk -L/Users/ouj/git/angryman/obj/xcode/CMakeFiles/CMakeTmp/Debug -F/Users/ouj/git/angryman/obj/xcode/CMakeFiles/CMakeTmp/Debug -filelist /Users/ouj/git/angryman/obj/xcode/CMakeFiles/CMakeTmp/CMAKE_TRY_COMPILE.build/Debug/cmTryCompileExec.build/Objects-normal/x86_64/cmTryCompileExec.LinkFileList -mmacosx-version-min=10.7 -v -Wl,-search_paths_first -Wl,-headerpad_max_install_names -o /Users/ouj/git/angryman/obj/xcode/CMakeFiles/CMakeTmp/Debug/cmTryCompileExec

PhaseScriptExecution "CMake PostBuild Rules" CMAKE_TRY_COMPILE.build/Debug/cmTryCompileExec.build/Script-7FD69B423D007FD69B423D00.sh
    cd /Users/ouj/git/angryman/obj/xcode/CMakeFiles/CMakeTmp
    /bin/sh -c /Users/ouj/git/angryman/obj/xcode/CMakeFiles/CMakeTmp/CMAKE_TRY_COMPILE.build/Debug/cmTryCompileExec.build/Script-7FD69B423D007FD69B423D00.sh
echo "Depend check for xcode"
Depend check for xcode
cd /Users/ouj/git/angryman/obj/xcode/CMakeFiles/CMakeTmp && make -C /Users/ouj/git/angryman/obj/xcode/CMakeFiles/CMakeTmp -f /Users/ouj/git/angryman/obj/xcode/CMakeFiles/CMakeTmp/CMakeScripts/XCODE_DEPEND_HELPER.make PostBuild.cmTryCompileExec.Debug
make[1]: Nothing to be done for `PostBuild.cmTryCompileExec.Debug'.


** BUILD SUCCEEDED **



Determining if the CXX compiler works passed with the following output:
Change Dir: /Users/ouj/git/angryman/obj/xcode/CMakeFiles/CMakeTmp

Run Build Command:/usr/local/Cellar/cmake/2.8.5/bin/cmakexbuild -project CMAKE_TRY_COMPILE.xcodeproj build -target cmTryCompileExec -configuration Debug
=== BUILD NATIVE TARGET cmTryCompileExec OF PROJECT CMAKE_TRY_COMPILE WITH CONFIGURATION Debug ===
Check dependencies

PhaseScriptExecution "CMake ReRun" CMAKE_TRY_COMPILE.build/Debug/cmTryCompileExec.build/Script-1078E72B01078E72B01078E7.sh
    cd /Users/ouj/git/angryman/obj/xcode/CMakeFiles/CMakeTmp
    /bin/sh -c /Users/ouj/git/angryman/obj/xcode/CMakeFiles/CMakeTmp/CMAKE_TRY_COMPILE.build/Debug/cmTryCompileExec.build/Script-1078E72B01078E72B01078E7.sh
make: `CMakeFiles/cmake.check_cache' is up to date.

CompileC CMAKE_TRY_COMPILE.build/Debug/cmTryCompileExec.build/Objects-normal/x86_64/testCXXCompiler.o testCXXCompiler.cxx normal x86_64 c++ com.apple.compilers.llvmgcc42
    cd /Users/ouj/git/angryman/obj/xcode/CMakeFiles/CMakeTmp
    /Developer/usr/bin/llvm-gcc-4.2 -x c++ -arch x86_64 -fmessage-length=0 -pipe -Wno-trigraphs -fpascal-strings -O0 "-DCMAKE_INTDIR=\"Debug\"" -isysroot /Developer/SDKs/MacOSX10.7.sdk -fasm-blocks -mmacosx-version-min=10.7 -gdwarf-2 -I/Users/ouj/git/angryman/obj/xcode/CMakeFiles/CMakeTmp/Debug/include -I/Users/ouj/git/angryman/obj/xcode/CMakeFiles/CMakeTmp/CMAKE_TRY_COMPILE.build/Debug/cmTryCompileExec.build/DerivedSources/x86_64 -I/Users/ouj/git/angryman/obj/xcode/CMakeFiles/CMakeTmp/CMAKE_TRY_COMPILE.build/Debug/cmTryCompileExec.build/DerivedSources -Wmost -Wno-four-char-constants -Wno-unknown-pragmas -F/Users/ouj/git/angryman/obj/xcode/CMakeFiles/CMakeTmp/Debug -c /Users/ouj/git/angryman/obj/xcode/CMakeFiles/CMakeTmp/testCXXCompiler.cxx -o /Users/ouj/git/angryman/obj/xcode/CMakeFiles/CMakeTmp/CMAKE_TRY_COMPILE.build/Debug/cmTryCompileExec.build/Objects-normal/x86_64/testCXXCompiler.o

Ld Debug/cmTryCompileExec normal x86_64
    cd /Users/ouj/git/angryman/obj/xcode/CMakeFiles/CMakeTmp
    /Developer/usr/bin/llvm-g++-4.2 -arch x86_64 -isysroot /Developer/SDKs/MacOSX10.7.sdk -L/Users/ouj/git/angryman/obj/xcode/CMakeFiles/CMakeTmp/Debug -F/Users/ouj/git/angryman/obj/xcode/CMakeFiles/CMakeTmp/Debug -filelist /Users/ouj/git/angryman/obj/xcode/CMakeFiles/CMakeTmp/CMAKE_TRY_COMPILE.build/Debug/cmTryCompileExec.build/Objects-normal/x86_64/cmTryCompileExec.LinkFileList -mmacosx-version-min=10.7 -Wl,-search_paths_first -Wl,-headerpad_max_install_names -o /Users/ouj/git/angryman/obj/xcode/CMakeFiles/CMakeTmp/Debug/cmTryCompileExec

PhaseScriptExecution "CMake PostBuild Rules" CMAKE_TRY_COMPILE.build/Debug/cmTryCompileExec.build/Script-1078E7DE01078E7DE01078E7.sh
    cd /Users/ouj/git/angryman/obj/xcode/CMakeFiles/CMakeTmp
    /bin/sh -c /Users/ouj/git/angryman/obj/xcode/CMakeFiles/CMakeTmp/CMAKE_TRY_COMPILE.build/Debug/cmTryCompileExec.build/Script-1078E7DE01078E7DE01078E7.sh
echo "Depend check for xcode"
Depend check for xcode
cd /Users/ouj/git/angryman/obj/xcode/CMakeFiles/CMakeTmp && make -C /Users/ouj/git/angryman/obj/xcode/CMakeFiles/CMakeTmp -f /Users/ouj/git/angryman/obj/xcode/CMakeFiles/CMakeTmp/CMakeScripts/XCODE_DEPEND_HELPER.make PostBuild.cmTryCompileExec.Debug
make[1]: Nothing to be done for `PostBuild.cmTryCompileExec.Debug'.


** BUILD SUCCEEDED **



Detecting CXX compiler ABI info compiled with the following output:
Change Dir: /Users/ouj/git/angryman/obj/xcode/CMakeFiles/CMakeTmp

Run Build Command:/usr/local/Cellar/cmake/2.8.5/bin/cmakexbuild -project CMAKE_TRY_COMPILE.xcodeproj build -target cmTryCompileExec -configuration Debug
=== BUILD NATIVE TARGET cmTryCompileExec OF PROJECT CMAKE_TRY_COMPILE WITH CONFIGURATION Debug ===
Check dependencies

PhaseScriptExecution "CMake ReRun" CMAKE_TRY_COMPILE.build/Debug/cmTryCompileExec.build/Script-1078FB4B01078FB4B01078FB.sh
    cd /Users/ouj/git/angryman/obj/xcode/CMakeFiles/CMakeTmp
    /bin/sh -c /Users/ouj/git/angryman/obj/xcode/CMakeFiles/CMakeTmp/CMAKE_TRY_COMPILE.build/Debug/cmTryCompileExec.build/Script-1078FB4B01078FB4B01078FB.sh
make: `CMakeFiles/cmake.check_cache' is up to date.

CompileC CMAKE_TRY_COMPILE.build/Debug/cmTryCompileExec.build/Objects-normal/x86_64/CMakeCXXCompilerABI.o ../../../../../../../../usr/local/Cellar/cmake/2.8.5/share/cmake/Modules/CMakeCXXCompilerABI.cpp normal x86_64 c++ com.apple.compilers.llvmgcc42
    cd /Users/ouj/git/angryman/obj/xcode/CMakeFiles/CMakeTmp
    /Developer/usr/bin/llvm-gcc-4.2 -x c++ -arch x86_64 -fmessage-length=0 -pipe -Wno-trigraphs -fpascal-strings -O0 "-DCMAKE_INTDIR=\"Debug\"" -isysroot /Developer/SDKs/MacOSX10.7.sdk -fasm-blocks -mmacosx-version-min=10.7 -gdwarf-2 -I/Users/ouj/git/angryman/obj/xcode/CMakeFiles/CMakeTmp/Debug/include -I/Users/ouj/git/angryman/obj/xcode/CMakeFiles/CMakeTmp/CMAKE_TRY_COMPILE.build/Debug/cmTryCompileExec.build/DerivedSources/x86_64 -I/Users/ouj/git/angryman/obj/xcode/CMakeFiles/CMakeTmp/CMAKE_TRY_COMPILE.build/Debug/cmTryCompileExec.build/DerivedSources -Wmost -Wno-four-char-constants -Wno-unknown-pragmas -F/Users/ouj/git/angryman/obj/xcode/CMakeFiles/CMakeTmp/Debug -c /Users/ouj/git/angryman/obj/xcode/CMakeFiles/CMakeTmp/../../../../../../../../usr/local/Cellar/cmake/2.8.5/share/cmake/Modules/CMakeCXXCompilerABI.cpp -o /Users/ouj/git/angryman/obj/xcode/CMakeFiles/CMakeTmp/CMAKE_TRY_COMPILE.build/Debug/cmTryCompileExec.build/Objects-normal/x86_64/CMakeCXXCompilerABI.o

Ld Debug/cmTryCompileExec normal x86_64
    cd /Users/ouj/git/angryman/obj/xcode/CMakeFiles/CMakeTmp
    /Developer/usr/bin/llvm-g++-4.2 -arch x86_64 -isysroot /Developer/SDKs/MacOSX10.7.sdk -L/Users/ouj/git/angryman/obj/xcode/CMakeFiles/CMakeTmp/Debug -F/Users/ouj/git/angryman/obj/xcode/CMakeFiles/CMakeTmp/Debug -filelist /Users/ouj/git/angryman/obj/xcode/CMakeFiles/CMakeTmp/CMAKE_TRY_COMPILE.build/Debug/cmTryCompileExec.build/Objects-normal/x86_64/cmTryCompileExec.LinkFileList -mmacosx-version-min=10.7 -v -Wl,-search_paths_first -Wl,-headerpad_max_install_names -o /Users/ouj/git/angryman/obj/xcode/CMakeFiles/CMakeTmp/Debug/cmTryCompileExec

PhaseScriptExecution "CMake PostBuild Rules" CMAKE_TRY_COMPILE.build/Debug/cmTryCompileExec.build/Script-7FD69B4369107FD69B436910.sh
    cd /Users/ouj/git/angryman/obj/xcode/CMakeFiles/CMakeTmp
    /bin/sh -c /Users/ouj/git/angryman/obj/xcode/CMakeFiles/CMakeTmp/CMAKE_TRY_COMPILE.build/Debug/cmTryCompileExec.build/Script-7FD69B4369107FD69B436910.sh
echo "Depend check for xcode"
Depend check for xcode
cd /Users/ouj/git/angryman/obj/xcode/CMakeFiles/CMakeTmp && make -C /Users/ouj/git/angryman/obj/xcode/CMakeFiles/CMakeTmp -f /Users/ouj/git/angryman/obj/xcode/CMakeFiles/CMakeTmp/CMakeScripts/XCODE_DEPEND_HELPER.make PostBuild.cmTryCompileExec.Debug
make[1]: Nothing to be done for `PostBuild.cmTryCompileExec.Debug'.


** BUILD SUCCEEDED **



